<?xml version="1.0" encoding="UTF-8"?>
<!-- Generated by org.testng.reporters.JUnitReportReporter -->
<testsuite hostname="MLI01108" failures="0" tests="1" name="apachemaven.test" time="9.352" errors="0" timestamp="2023-02-23T13:27:50 IST" skipped="0">
  <testcase classname="apachemaven.test" name="Test" time="9.352"/>
  <system-out/>
</testsuite> <!-- apachemaven.test -->
